<?xml version="1.0" encoding="UTF-8"?>
<!-- Generated by org.testng.reporters.JUnitXMLReporter -->
<testsuite ignored="1" hostname="DESKTOP-C4B6GHI" failures="0" tests="1" name="Default test" time="11.085" errors="0" timestamp="2025-02-08T13:44:44 IST">
  <testcase classname="com.ui.tests.LoginTest" name="loginTest" time="4.812"/>
  <testcase classname="com.ui.tests.LoginTest" name="verifyAddCustomer" time="0.0">
    <ignored/>
  </testcase> <!-- verifyAddCustomer -->
</testsuite> <!-- Default test -->
