<?xml version="1.0" encoding="UTF-8"?>
<!-- Generated by org.testng.reporters.JUnitXMLReporter -->
<testsuite ignored="1" hostname="DESKTOP-C4B6GHI" failures="0" tests="2" name="UI Automation Test" time="22.174" errors="0" timestamp="2025-02-08T17:55:07 IST">
  <testcase classname="com.ui.tests.LoginTest" name="loginTest" time="4.781"/>
  <testcase classname="com.ui.tests.LoginTest" name="loginTest" time="7.046"/>
  <testcase classname="com.ui.tests.LoginTest" name="verifyAddCustomer" time="0.0">
    <ignored/>
  </testcase> <!-- verifyAddCustomer -->
</testsuite> <!-- UI Automation Test -->
