<?xml version="1.0" encoding="UTF-8"?>
<!-- Generated by org.testng.reporters.JUnitXMLReporter -->
<testsuite ignored="1" hostname="DESKTOP-C4B6GHI" failures="0" tests="1" name="UI Automation Test" time="11.596" errors="0" timestamp="2025-02-09T11:59:25 IST">
  <testcase classname="com.ui.tests.LoginTest" name="verifyAddCustomer" time="3.005"/>
  <testcase classname="com.ui.tests.LoginTest" name="loginTest" time="0.0">
    <ignored/>
  </testcase> <!-- loginTest -->
</testsuite> <!-- UI Automation Test -->
