<?xml version="1.0" encoding="UTF-8"?>
<testng-results ignored="0" total="2" passed="2" failed="0" skipped="0">
  <reporter-output>
  </reporter-output>
  <suite started-at="2025-02-08T17:54:45 IST" name="Automation Practice Test Suite" finished-at="2025-02-08T17:55:07 IST" duration-ms="22174">
    <groups>
      <group name="sanity">
        <method signature="LoginTest.loginTest(com.ui.pojos.Customer)[pri:0, instance:com.ui.tests.LoginTest@1d3ac898]" name="loginTest" class="com.ui.tests.LoginTest"/>
      </group> <!-- sanity -->
      <group name="e2e">
        <method signature="LoginTest.loginTest(com.ui.pojos.Customer)[pri:0, instance:com.ui.tests.LoginTest@1d3ac898]" name="loginTest" class="com.ui.tests.LoginTest"/>
      </group> <!-- e2e -->
    </groups>
    <test started-at="2025-02-08T17:54:45 IST" name="UI Automation Test" finished-at="2025-02-08T17:55:07 IST" duration-ms="22174">
      <class name="com.ui.tests.LoginTest">
        <test-method is-config="true" signature="setUp(java.lang.String,boolean,org.testng.ITestResult)[pri:0, instance:com.ui.tests.LoginTest@1d3ac898]" started-at="2025-02-08T17:54:47 IST" name="setUp" description="Load the Homepage of the Application" finished-at="2025-02-08T17:54:52 IST" duration-ms="5028" status="PASS">
          <params>
            <param index="0">
              <value>
                <![CDATA[chrome]]>
              </value>
            </param>
            <param index="1">
              <value>
                <![CDATA[false]]>
              </value>
            </param>
            <param index="2">
              <value>
                <![CDATA[[TestResult name={null} status=CREATED method=LoginTest.loginTest(com.ui.pojos.Customer)[pri:0, instance:com.ui.tests.LoginTest@1d3ac898] output={null}]]]>
              </value>
            </param>
          </params>
          <reporter-output>
          </reporter-output>
        </test-method> <!-- setUp -->
        <test-method signature="loginTest(com.ui.pojos.Customer)[pri:0, instance:com.ui.tests.LoginTest@1d3ac898]" started-at="2025-02-08T17:54:52 IST" name="loginTest" description="To Verify valid user is able to login into application successfully" data-provider="customerTestExcelDatProvider" finished-at="2025-02-08T17:54:57 IST" duration-ms="4781" status="PASS">
          <params>
            <param index="0">
              <value>
                <![CDATA[Customer [fName=JoyE, lName=KrishE, postNumber=1234.0]]]>
              </value>
            </param>
          </params>
          <reporter-output>
          </reporter-output>
        </test-method> <!-- loginTest -->
        <test-method is-config="true" signature="tearDown()[pri:0, instance:com.ui.tests.LoginTest@1d3ac898]" started-at="2025-02-08T17:54:57 IST" name="tearDown" description="Tear Down the Browser" finished-at="2025-02-08T17:54:57 IST" duration-ms="328" status="PASS">
          <reporter-output>
          </reporter-output>
        </test-method> <!-- tearDown -->
        <test-method is-config="true" signature="setUp(java.lang.String,boolean,org.testng.ITestResult)[pri:0, instance:com.ui.tests.LoginTest@1d3ac898]" started-at="2025-02-08T17:54:57 IST" name="setUp" description="Load the Homepage of the Application" finished-at="2025-02-08T17:55:00 IST" duration-ms="2755" status="PASS">
          <params>
            <param index="0">
              <value>
                <![CDATA[chrome]]>
              </value>
            </param>
            <param index="1">
              <value>
                <![CDATA[false]]>
              </value>
            </param>
            <param index="2">
              <value>
                <![CDATA[[TestResult name={null} status=CREATED method=LoginTest.loginTest(com.ui.pojos.Customer)[pri:0, instance:com.ui.tests.LoginTest@1d3ac898] output={null}]]]>
              </value>
            </param>
          </params>
          <reporter-output>
          </reporter-output>
        </test-method> <!-- setUp -->
        <test-method signature="loginTest(com.ui.pojos.Customer)[pri:0, instance:com.ui.tests.LoginTest@1d3ac898]" started-at="2025-02-08T17:55:00 IST" name="loginTest" description="To Verify valid user is able to login into application successfully" data-provider="customerTestExcelDatProvider" finished-at="2025-02-08T17:55:07 IST" duration-ms="7046" status="PASS">
          <params>
            <param index="0">
              <value>
                <![CDATA[Customer [fName=UserOne, lName=UserTwo, postNumber=35454.0]]]>
              </value>
            </param>
          </params>
          <reporter-output>
          </reporter-output>
        </test-method> <!-- loginTest -->
        <test-method is-config="true" signature="tearDown()[pri:0, instance:com.ui.tests.LoginTest@1d3ac898]" started-at="2025-02-08T17:55:07 IST" name="tearDown" description="Tear Down the Browser" finished-at="2025-02-08T17:55:07 IST" duration-ms="310" status="PASS">
          <reporter-output>
          </reporter-output>
        </test-method> <!-- tearDown -->
      </class> <!-- com.ui.tests.LoginTest -->
    </test> <!-- UI Automation Test -->
  </suite> <!-- Automation Practice Test Suite -->
</testng-results>
